<?xml version="1.0" encoding="UTF-8"?>
<testsuite name="com.company.UserRegTest" tests="10" skipped="0" failures="0" errors="0" timestamp="2021-04-14T13:10:58" hostname="LAPTOP-TLTN6P2Q" time="0.072">
  <properties/>
  <testcase name="given_lastName_if_invalid_should_return_false" classname="com.company.UserRegTest" time="0.008"/>
  <testcase name="given_firstName_if_invalid_should_return_false" classname="com.company.UserRegTest" time="0.005"/>
  <testcase name="given_phoneNo_if_valid_should_return_true" classname="com.company.UserRegTest" time="0.008"/>
  <testcase name="given_password_if_invalid_should_return_false" classname="com.company.UserRegTest" time="0.003"/>
  <testcase name="given_phoneNo_if_invalid_should_return_false" classname="com.company.UserRegTest" time="0.001"/>
  <testcase name="given_email_if_invalid_should_return_false" classname="com.company.UserRegTest" time="0.002"/>
  <testcase name="given_lastName_if_valid_should_return_true" classname="com.company.UserRegTest" time="0.006"/>
  <testcase name="given_firstName_if_valid_should_return_true" classname="com.company.UserRegTest" time="0.001"/>
  <testcase name="given_password_if_valid_should_return_true" classname="com.company.UserRegTest" time="0.027"/>
  <testcase name="given_email_if_valid_should_return_true" classname="com.company.UserRegTest" time="0.0"/>
  <system-out><![CDATA[]]></system-out>
  <system-err><![CDATA[]]></system-err>
</testsuite>
